make.exe all --print-data-base --no-builtin-variables --no-builtin-rules --question
# GNU Make 4.2.1
# Built for i686-w64-mingw32
# Copyright (C) 1988-2016 Free Software Foundation, Inc.
# License GPLv3+: GNU GPL version 3 or later <http://gnu.org/licenses/gpl.html>
# This is free software: you are free to change and redistribute it.
# There is NO WARRANTY, to the extent permitted by law.

# Make data base, printed on Fri Jul 01 18:19:28 2022

# Variables

# 'override' directive
GNUMAKEFLAGS := 
# automatic
<D = $(patsubst %/,%,$(patsubst %\,%,$(dir $<)))
# automatic
?F = $(notdir $?)
# makefile (from 'Makefile', line 264)
RULESPATH = $(CHIBIOS)/os/common/ports/ARMCMx/compilers/GCC
# default
.SHELLFLAGS := -c
# makefile (from 'Makefile', line 175)
INCDIR = $(STM32INC) $(STARTUPINC) $(KERNINC) $(PORTINC) $(OSALINC) $(HALINC) $(PLATFORMINC) $(CHIBIOS)/os/lib/streams mcconf appconf $(HWINC)
# makefile (from 'Makefile', line 125)
LDSCRIPT = ld_eeprom_emu.ld
# makefile
MAKEFLAGS = pqrR
# environment
VSCODE_LOG_NATIVE = false
# makefile (from 'ChibiOS_3.0.5/os/common/ports/ARMCMx/compilers/GCC/rules.mk', line 64)
OUTFILES = $(BUILDDIR)/$(PROJECT).elf $(BUILDDIR)/$(PROJECT).hex $(BUILDDIR)/$(PROJECT).bin $(BUILDDIR)/$(PROJECT).dmp $(BUILDDIR)/$(PROJECT).list
# automatic
?D = $(patsubst %/,%,$(patsubst %\,%,$(dir $?)))
# makefile (from 'ChibiOS_3.0.5/os/common/ports/ARMCMx/compilers/GCC/rules.mk', line 148)
CPPFLAGS = $(MCFLAGS) $(OPT) $(CPPOPT) $(CPPWARN) -Wa,-alms=$(LSTDIR)/$(notdir $(<:.cpp=.lst)) $(DEFS) -DTHUMB_PRESENT -mno-thumb-interwork -DTHUMB_NO_INTERWORKING -MD -MP -MF .dep/$(@F).d
# makefile (from 'Makefile', line 155)
ACSRC = 
# makefile (from 'ChibiOS_3.0.5/os/common/ports/ARMCMx/compilers/GCC/rules.mk', line 104)
DEFS = $(DDEFS) $(UDEFS)
# automatic
@D = $(patsubst %/,%,$(patsubst %\,%,$(dir $@)))
# environment
HOMEDRIVE = C:
# automatic
@F = $(notdir $@)
# automatic
^D = $(patsubst %/,%,$(patsubst %\,%,$(dir $^)))
# environment
PROG27B48B2C057 = 1
# default
SHELL := C:/MounRiver/MounRiver_Studio/toolchain/Build Tools/bin/sh.exe
# makefile (from 'Makefile', line 216)
BIN = $(CP) -O binary
# makefile (from 'ChibiOS_3.0.5/os/common/ports/ARMCMx/compilers/GCC/rules.mk', line 105)
ADEFS = $(DADEFS) $(UADEFS)
# environment
WINDIR = C:\WINDOWS
# environment
VSCODE_NLS_CONFIG = {"locale":"en-us","availableLanguages":{},"_languagePackSupport":true}
# makefile (from 'Makefile', line 214)
SZ = $(TRGT)size
# makefile (from 'ChibiOS_3.0.5/os/common/ports/ARMCMx/compilers/GCC/rules.mk', line 147)
CFLAGS = $(MCFLAGS) $(OPT) $(COPT) $(CWARN) -Wa,-alms=$(LSTDIR)/$(notdir $(<:.c=.lst)) $(DEFS) -DTHUMB_PRESENT -mno-thumb-interwork -DTHUMB_NO_INTERWORKING -MD -MP -MF .dep/$(@F).d
# environment
ONEDRIVE = C:\Users\Carl\OneDrive
# makefile (from 'ChibiOS_3.0.5/os/common/ports/ARMCMx/compilers/GCC/rules.mk', line 10)
CPPOPT = $(USE_CPPOPT)
# makefile (from 'ChibiOS_3.0.5/os/common/ports/ARMCMx/compilers/GCC/rules.mk', line 36)
DDEFS = -DCORTEX_USE_FPU=TRUE
# environment
PATHEXT = .COM;.EXE;.BAT;.CMD;.VBS;.VBE;.JS;.JSE;.WSF;.WSH;.MSC;.PY;.PYW
# makefile (from 'ChibiOS_3.0.5/os/common/ports/ARMCMx/compilers/GCC/rules.mk', line 1)
MAKEFILE_LIST :=  Makefile driver/stm32lib.mk ChibiOS_3.0.5/os/common/ports/ARMCMx/compilers/GCC/mk/startup_stm32f4xx.mk ChibiOS_3.0.5/os/hal/hal.mk ChibiOS_3.0.5/os/hal/osal/rt/osal.mk ChibiOS_3.0.5/os/rt/rt.mk ChibiOS_3.0.5/os/rt/ports/ARMCMx/compilers/GCC/mk/port_v7m.mk hwconf/hwconf.mk Ch 
ibiOS_3.0.5/os/common/ports/ARMCMx/compilers/GCC/rules.mk
# makefile (from 'Makefile', line 173)
ASMSRC = $(STARTUPASM) $(PORTASM) $(OSALASM)
# environment
FPS_BROWSER_USER_PROFILE_STRING = Default
# makefile (from 'Makefile', line 210)
CP = $(TRGT)objcopy
# environment
TMP = C:\Users\Carl\AppData\Local\Temp
# environment
VSCODE_VERBOSE_LOGGING = true
# makefile (from 'Makefile', line 211)
AS = $(TRGT)gcc -x assembler-with-cpp
# environment
PROGRAMW6432 = C:\Program Files
# makefile (from 'ChibiOS_3.0.5/os/common/ports/ARMCMx/compilers/GCC/rules.mk', line 9)
COPT = $(USE_COPT)
# environment
PROGRAMDATA = C:\ProgramData
# makefile (from 'ChibiOS_3.0.5/os/common/ports/ARMCMx/compilers/GCC/rules.mk', line 76)
TCSRC =  $(CSRC)
# makefile (from 'ChibiOS_3.0.5/os/common/ports/ARMCMx/compilers/GCC/rules.mk', line 37)
DADEFS = -DCORTEX_USE_FPU=TRUE
# environment
VSCODE_IPC_HOOK_EXTHOST = \\.\pipe\vscode-ipc-3d0f57f1-8e5d-4ed0-acfd-0b5f2f683e17-sock
# environment
VSCODE_CWD = C:\Users\Carl\AppData\Local\Programs\Microsoft VS Code
# makefile (from 'ChibiOS_3.0.5/os/common/ports/ARMCMx/compilers/GCC/rules.mk', line 35)
OPT = $(USE_OPT) -ffunction-sections -fdata-sections -fno-common -mfloat-abi=$(USE_FPU) -mfpu=fpv4-sp-d16 -fsingle-precision-constant
# makefile (from 'Makefile', line 67)
USE_PROCESS_STACKSIZE = 0x800
# default
MAKE_HOST := i686-w64-mingw32
# environment
PATH = C:\Program Files (x86)\Common Files\Oracle\Java\javapath;C:\Program Files\Python310\Scripts\;C:\Program Files\Python310\;C:\Windows\system32;C:\Windows;C:\Windows\System32\Wbem;C:\Windows\System32\WindowsPowerShell\v1.0\;C:\Windows\System32\OpenSSH\;C:\Program Files\NVIDIA Corporation\NVIDIA NvDLISR;C:\Program Files (x86)\NVIDIA Corporation\PhysX\Common;C:\Program Files (x86)\Nordic Semiconductor\nrf-command-line-tools\bin\;C:\Users\Carl\AppData\Local\Android\sdk\platform-tools;C:\WINDOWS\system32;C:\WINDOWS;C:\WINDOWS\System32\Wbem;C:\WINDOWS\System32\WindowsPowerShell\v1.0\;C:\WINDOWS\System32\OpenSSH\;C:\Users\Carl\AppData\Local\Microsoft\WindowsApps;C:\Users\Carl\AppData\Local\Programs\Microsoft VS Code\bin;C:\Program Files\Azure Data Studio\bin;C:\Users\Carl\Documents\STM32CubeIDE\gcc-arm-none-eabi-10.3-2021.10\bin;C:\Users\Carl\Documents\WCH\riscv64-unknown-elf-toolchain-10.2.0-2020.12.8-x86_64-w64-mingw32\bin;C:\MounRiver\MounRiver_Studio\toolchain\RISC-V Embedded GCC\bin;C:\MounRiver\MounRiver_Studio\toolchain\OpenOCD\bin;C:\MounRiver\MounRiver_Studio\toolchain\Build Tools\bin;
# makefile (from 'Makefile', line 242)
UADEFS = 
# makefile (from 'ChibiOS_3.0.5/os/rt/rt.mk', line 51)
KERNSRC := ChibiOS_3.0.5/os/rt/src/chsys.c ChibiOS_3.0.5/os/rt/src/chdebug.c ChibiOS_3.0.5/os/rt/src/chvt.c ChibiOS_3.0.5/os/rt/src/chschd.c ChibiOS_3.0.5/os/rt/src/chthreads.c ChibiOS_3.0.5/os/rt/src/chtm.c ChibiOS_3.0.5/os/rt/src/chdynamic.c ChibiOS_3.0.5/os/rt/src/chregistry.c ChibiOS_3.0.5/os/rt/src/chsem.c ChibiOS_3.0.5/os/rt/src/chmtx.c ChibiOS_3.0.5/os/rt/src/chcond.c ChibiOS_3.0.5/os/rt/src/chevents.c ChibiOS_3.0.5/os/rt/src/chmsg.c ChibiOS_3.0.5/os/rt/src/chmboxes.c ChibiOS_3.0.5/os/rt/src/chqueues.c ChibiOS_3.0.5/os/rt/src/chmemcore.c ChibiOS_3.0.5/os/rt/src/chheap.c ChibiOS_3.0.5/os/rt/src/chmempools.c
# makefile (from 'Makefile', line 208)
LD = $(TRGT)gcc
# makefile (from 'ChibiOS_3.0.5/os/rt/rt.mk', line 4)
CHCONF := #define _CHCONF_H_ #define CHPRINTF_USE_FLOAT TRUE #define CORTEX_SIMPLIFIED_PRIORITY TRUE #define PORT_IDLE_THREAD_STACK_SIZE 64 #define PORT_INT_REQUIRED_STACK 128 #define CH_CFG_ST_RESOLUTION 32 * setting also defines the system tick time unit. #define CH_CFG_ST_FREQUENCY 10000 #define CH_CFG_ST_TIMEDELTA 0 #define CH_CFG_TIME_QUANTUM 4 #define CH_CFG_MEMCORE_SIZE 0 #define CH_CFG_NO_IDLE_THREAD FALSE #define CH_CFG_OPTIMIZE_SPEED TRUE #define CH_CFG_USE_TM TRUE #define CH_CFG_USE_REGISTRY TRUE #define CH_CFG_USE_WAITEXIT TRUE #define CH_CFG_USE_SEMAPHORES TRUE #define CH_CFG_USE_SEMAPHORES_PRIORITY FALSE #define CH_CFG_USE_MUTEXES TRUE #define CH_CFG_USE_MUTEXES_RECURSIVE FALSE #define CH_CFG_USE_CONDVARS TRUE #define CH_CFG_USE_CONDVARS_TIMEOUT TRUE #define CH_CFG_USE_EVENTS TRUE #define CH_CFG_USE_EVENTS_TIMEOUT TRUE #define CH_CFG_USE_MESSAGES TRUE #define CH_CFG_USE_MESSAGES_PRIORITY FALSE #define CH_CFG_USE_MAILBOXES TRUE #define CH_CFG_USE_QUEUES TRUE #define CH_CFG_USE_MEMCORE TRUE #define CH_CFG_USE_HEAP TRUE #define CH_CFG_USE_MEMPOOLS TRUE #define CH_CFG_USE_DYNAMIC TRUE #define CH_DBG_STATISTICS FALSE #define CH_DBG_SYSTEM_STATE_CHECK FALSE #define CH_DBG_ENABLE_CHECKS FALSE * runtime anomalies and port-defined checks. #define CH_DBG_ENABLE_ASSERTS FALSE #define CH_DBG_ENABLE_TRACE FALSE #define CH_DBG_ENABLE_STACK_CHECK FALSE #define CH_DBG_FILL_THREADS FALSE #define CH_DBG_THREADS_PROFILING TRUE #define CH_CFG_THREAD_EXTRA_FIELDS \ #define CH_CFG_THREAD_INIT_HOOK(tp) { \ #define CH_CFG_THREAD_EXIT_HOOK(tp) { \ #define CH_CFG_CONTEXT_SWITCH_HOOK(ntp, otp) { \ #define CH_CFG_IDLE_ENTER_HOOK() { \ #define CH_CFG_IDLE_LEAVE_HOOK() { \ #define CH_CFG_IDLE_LOOP_HOOK() { \ #define CH_CFG_SYSTEM_TICK_HOOK() { \ #define CH_CFG_SYSTEM_HALT_HOOK(reason) { \
# environment
COMMONPROGRAMW6432 = C:\Program Files\Common Files
# makefile (from 'ChibiOS_3.0.5/os/rt/ports/ARMCMx/compilers/GCC/mk/port_v7m.mk', line 7)
PORTINC = $(CHIBIOS)/os/rt/ports/ARMCMx $(CHIBIOS)/os/rt/ports/ARMCMx/compilers/GCC
# environment
ZES_ENABLE_SYSMAN = 1
# makefile (from 'ChibiOS_3.0.5/os/rt/ports/ARMCMx/compilers/GCC/mk/port_v7m.mk', line 2)
PORTSRC = $(CHIBIOS)/os/rt/ports/ARMCMx/chcore.c $(CHIBIOS)/os/rt/ports/ARMCMx/chcore_v7m.c
# makefile
CURDIR := c:/Users/Carl/Documents/bldc
# environment
PROCESSOR_ARCHITECTURE = x86
# makefile (from 'Makefile', line 95)
PROJECT = BLDC_4_ChibiOS
# makefile (from 'Makefile', line 83)
USE_FWLIB = yes
# makefile (from 'ChibiOS_3.0.5/os/common/ports/ARMCMx/compilers/GCC/rules.mk', line 59)
BUILDDIR = build
# makefile (from 'Makefile', line 6)
USE_LISPBM = 0
# environment
USERPROFILE = C:\Users\Carl
# makefile (from 'Makefile', line 213)
OD = $(TRGT)objdump
# makefile (from 'Makefile', line 160)
ACPPSRC = 
# environment
ALLUSERSPROFILE = C:\ProgramData
# makefile (from 'Makefile', line 222)
TOPT = -mthumb -DTHUMB
# makefile (from 'ChibiOS_3.0.5/os/common/ports/ARMCMx/compilers/GCC/rules.mk', line 151)
VPATH = $(SRCPATHS)
# makefile (from 'Makefile', line 212)
AR = $(TRGT)ar
# makefile (from 'ChibiOS_3.0.5/os/rt/ports/ARMCMx/compilers/GCC/mk/port_v7m.mk', line 5)
PORTASM = $(CHIBIOS)/os/rt/ports/ARMCMx/compilers/GCC/chcoreasm_v7m.s
# environment
VSCODE_LOG_STACK = false
# environment
NUMBER_OF_PROCESSORS = 12
# environment
ELECTRON_RUN_AS_NODE = 1
# makefile (from 'ChibiOS_3.0.5/os/common/ports/ARMCMx/compilers/GCC/rules.mk', line 135)
LDFLAGS = $(MCFLAGS) $(OPT) -nostartfiles $(LLIBDIR) -Wl,-Map=$(BUILDDIR)/$(PROJECT).map,--cref,--no-warn-mismatch,--library-path=$(RULESPATH),--script=$(LDSCRIPT)$(LDOPT) -mno-thumb-interwork -mthumb
# default
.FEATURES := target-specific order-only second-expansion else-if shortest-stem undefine oneshell archives jobserver output-sync
# makefile (from 'Makefile', line 42)
USE_THUMB = yes
# makefile (from 'ChibiOS_3.0.5/os/common/ports/ARMCMx/compilers/GCC/mk/startup_stm32f4xx.mk', line 2)
STARTUPSRC = $(CHIBIOS)/os/common/ports/ARMCMx/compilers/GCC/crt1.c $(CHIBIOS)/os/common/ports/ARMCMx/compilers/GCC/vectors.c
# makefile (from 'ChibiOS_3.0.5/os/common/ports/ARMCMx/compilers/GCC/mk/startup_stm32f4xx.mk', line 7)
STARTUPINC = $(CHIBIOS)/os/common/ports/ARMCMx/devices/STM32F4xx
# automatic
%F = $(notdir $%)
# makefile (from 'ChibiOS_3.0.5/os/common/ports/ARMCMx/compilers/GCC/rules.mk', line 100)
IINCDIR = $(patsubst %,-I%,$(INCDIR) $(DINCDIR) $(UINCDIR))
# environment
CHROME_CRASHPAD_PIPE_NAME = \\.\pipe\crashpad_9440_SIZFQFYXSFWWFODV
# makefile (from 'Makefile', line 239)
UDEFS = 
# makefile (from 'Makefile', line 17)
USE_COPT = 
# environment
VSCODE_PIPE_LOGGING = true
# makefile (from 'ChibiOS_3.0.5/os/rt/rt.mk', line 76)
KERNINC = $(CHIBIOS)/os/rt/include
# makefile (from 'ChibiOS_3.0.5/os/common/ports/ARMCMx/compilers/GCC/rules.mk', line 97)
OBJS = $(ASMXOBJS) $(ASMOBJS) $(ACOBJS) $(TCOBJS) $(ACPPOBJS) $(TCPPOBJS)
# environment
COMPUTERNAME = LISAPLACEPC
# makefile (from 'ChibiOS_3.0.5/os/common/ports/ARMCMx/compilers/GCC/rules.mk', line 95)
ASMOBJS = $(addprefix $(OBJDIR)/, $(notdir $(ASMSRC:.s=.o)))
# environment
PROGRAMFILES = C:\Program Files (x86)
# default
.LOADED := 
# environment
DRIVERDATA = C:\Windows\System32\Drivers\DriverData
# makefile (from 'ChibiOS_3.0.5/os/common/ports/ARMCMx/compilers/GCC/mk/startup_stm32f4xx.mk', line 5)
STARTUPASM = $(CHIBIOS)/os/common/ports/ARMCMx/compilers/GCC/crt0_v7m.s
# makefile (from 'ChibiOS_3.0.5/os/hal/osal/rt/osal.mk', line 5)
OSALINC = ${CHIBIOS}/os/hal/osal/rt
# makefile (from 'ChibiOS_3.0.5/os/common/ports/ARMCMx/compilers/GCC/rules.mk', line 77)
TCPPSRC =  $(CPPSRC)
# environment
ORIGINAL_XDG_CURRENT_DESKTOP = undefined
# environment
USERNAME = Carl
# environment
PUBLIC = C:\Users\Public
# environment
VSCODE_AMD_ENTRYPOINT = vs/workbench/api/node/extensionHostProcess
# makefile (from 'ChibiOS_3.0.5/os/common/ports/ARMCMx/compilers/GCC/rules.mk', line 91)
ACOBJS = $(addprefix $(OBJDIR)/, $(notdir $(ACSRC:.c=.o)))
# makefile (from 'Makefile', line 219)
AOPT = 
# makefile (from 'ChibiOS_3.0.5/os/common/ports/ARMCMx/compilers/GCC/rules.mk', line 111)
MCFLAGS = -mcpu=$(MCU)
# environment
VSCODE_CODE_CACHE_PATH = C:\Users\Carl\AppData\Roaming\Code\CachedData\30d9c6cd9483b2cc586687151bcbcd635f373630
# environment
APPLICATION_INSIGHTS_NO_DIAGNOSTIC_CHANNEL = true
# environment
COMMONPROGRAMFILES = C:\Program Files (x86)\Common Files
# environment
LOGONSERVER = \\LISAPLACEPC
# makefile (from 'driver/stm32lib.mk', line 2)
STM32SRC = driver/stdperiph_stm32f4/src/misc.c driver/stdperiph_stm32f4/src/stm32f4xx_adc.c driver/stdperiph_stm32f4/src/stm32f4xx_dma.c driver/stdperiph_stm32f4/src/stm32f4xx_exti.c driver/stdperiph_stm32f4/src/stm32f4xx_flash.c driver/stdperiph_stm32f4/src/stm32f4xx_rcc.c driver/stdperiph_stm32f4/src/stm32f4xx_syscfg.c driver/stdperiph_stm32f4/src/stm32f4xx_tim.c driver/stdperiph_stm32f4/src/stm32f4xx_iwdg.c driver/stdperiph_stm32f4/src/stm32f4xx_wwdg.c
# makefile (from 'Makefile', line 245)
UINCDIR = 
# makefile (from 'Makefile', line 37)
USE_LTO = no
# makefile (from 'Makefile', line 47)
USE_VERBOSE_COMPILE = no
# environment
VSCODE_HANDLES_UNCAUGHT_ERRORS = true
# environment
USERDOMAIN = lisaplacepc
# makefile (from 'ChibiOS_3.0.5/os/common/ports/ARMCMx/compilers/GCC/rules.mk', line 82)
ASRC = $(ACSRC)$(ACPPSRC)
# environment
MAKELEVEL := 0
# makefile (from 'Makefile', line 22)
USE_CPPOPT = -fno-rtti
# makefile (from 'Makefile', line 129)
CSRC = $(STM32SRC) $(STARTUPSRC) $(KERNSRC) $(PORTSRC) $(HALSRC) board.c main.c irq_handlers.c digital_filter.c utils.c mc_interface.c mcpwm_foc.c timer.c $(HWSRC)
# makefile (from 'Makefile', line 198)
MCU = cortex-m4
# default
MAKE = $(MAKE_COMMAND)
# default
MAKECMDGOALS := all
# makefile (from 'ChibiOS_3.0.5/os/common/ports/ARMCMx/compilers/GCC/rules.mk', line 88)
LSTDIR = $(BUILDDIR)/lst
# makefile (from 'hwconf/hwconf.mk', line 4)
HWINC = hwconf
# makefile (from 'Makefile', line 215)
HEX = $(CP) -O ihex
# makefile (from 'Makefile', line 203)
CC = $(TRGT)gcc
# makefile (from 'ChibiOS_3.0.5/os/common/ports/ARMCMx/compilers/GCC/rules.mk', line 54)
LDOPT := ,--gc-sections,--defsym=__process_stack_size__=0x800,--defsym=__main_stack_size__=0x800
# makefile (from 'ChibiOS_3.0.5/os/common/ports/ARMCMx/compilers/GCC/rules.mk', line 146)
ASFLAGS = $(MCFLAGS) -Wa,-amhls=$(LSTDIR)/$(notdir $(<:.s=.lst)) $(ADEFS) -DTHUMB_PRESENT -mno-thumb-interwork -DTHUMB_NO_INTERWORKING -mthumb -MD -MP -MF .dep/$(@F).d
# default
MAKE_VERSION := 4.2.1
# makefile
.DEFAULT_GOAL := all
# makefile (from 'ChibiOS_3.0.5/os/common/ports/ARMCMx/compilers/GCC/rules.mk', line 92)
ACPPOBJS = $(addprefix $(OBJDIR)/, $(notdir $(ACPPSRC:.cpp=.o)))
# makefile (from 'ChibiOS_3.0.5/os/common/ports/ARMCMx/compilers/GCC/rules.mk', line 93)
TCOBJS = $(addprefix $(OBJDIR)/, $(notdir $(TCSRC:.c=.o)))
# environment
PROGRAMFILES(X86) = C:\Program Files (x86)
# makefile (from 'Makefile', line 228)
CPPWARN = -Wall -Wextra -Wundef
# automatic
%D = $(patsubst %/,%,$(patsubst %\,%,$(dir $%)))
# environment
LOCALAPPDATA = C:\Users\Carl\AppData\Local
# makefile (from 'Makefile', line 12)
USE_OPT = -O2 -ggdb -fomit-frame-pointer -falign-functions=16 -std=gnu99 -D_GNU_SOURCE -DBOARD_OTG_NOVBUSSENS $(build_args) -fsingle-precision-constant -Wdouble-promotion -specs=nosys.specs
# environment
PSMODULEPATH = C:\Program Files\WindowsPowerShell\Modules;C:\WINDOWS\system32\WindowsPowerShell\v1.0\Modules
# default
MAKE_COMMAND := make.exe
# environment
PROCESSOR_ARCHITEW6432 = AMD64
# makefile (from 'ChibiOS_3.0.5/os/hal/hal.mk', line 4)
HALCONF := #define _HALCONF_H_ #if !defined(HAL_USE_PAL) || defined(__DOXYGEN__) #define HAL_USE_PAL TRUE #if !defined(HAL_USE_ADC) || defined(__DOXYGEN__) #define HAL_USE_ADC FALSE #if !defined(HAL_USE_CAN) || defined(__DOXYGEN__) #define HAL_USE_CAN FALSE #if !defined(HAL_USE_DAC) || defined(__DOXYGEN__) #define HAL_USE_DAC FALSE #if !defined(HAL_USE_EXT) || defined(__DOXYGEN__) #define HAL_USE_EXT FALSE #if !defined(HAL_USE_GPT) || defined(__DOXYGEN__) #define HAL_USE_GPT FALSE #if !defined(HAL_USE_I2C) || defined(__DOXYGEN__) #define HAL_USE_I2C FALSE #if !defined(HAL_USE_I2S) || defined(__DOXYGEN__) #define HAL_USE_I2S FALSE #if !defined(HAL_USE_ICU) || defined(__DOXYGEN__) #define HAL_USE_ICU FALSE #if !defined(HAL_USE_MAC) || defined(__DOXYGEN__) #define HAL_USE_MAC FALSE #if !defined(HAL_USE_MMC_SPI) || defined(__DOXYGEN__) #define HAL_USE_MMC_SPI FALSE #if !defined(HAL_USE_PWM) || defined(__DOXYGEN__) #define HAL_USE_PWM FALSE #if !defined(HAL_USE_RTC) || defined(__DOXYGEN__) #define HAL_USE_RTC FALSE #if !defined(HAL_USE_SDC) || defined(__DOXYGEN__) #define HAL_USE_SDC FALSE #if !defined(HAL_USE_SERIAL) || defined(__DOXYGEN__) #define HAL_USE_SERIAL FALSE #if !defined(HAL_USE_SERIAL_USB) || defined(__DOXYGEN__) #define HAL_USE_SERIAL_USB FALSE #if !defined(HAL_USE_SPI) || defined(__DOXYGEN__) #define HAL_USE_SPI FALSE #if !defined(HAL_USE_UART) || defined(__DOXYGEN__) #define HAL_USE_UART FALSE #if !defined(HAL_USE_USB) || defined(__DOXYGEN__) #define HAL_USE_USB FALSE #if !defined(ADC_USE_WAIT) || defined(__DOXYGEN__) #define ADC_USE_WAIT TRUE #if !defined(ADC_USE_MUTUAL_EXCLUSION) || defined(__DOXYGEN__) #define ADC_USE_MUTUAL_EXCLUSION TRUE #if !defined(CAN_USE_SLEEP_MODE) || defined(__DOXYGEN__) #define CAN_USE_SLEEP_MODE TRUE #if !defined(I2C_USE_MUTUAL_EXCLUSION) || defined(__DOXYGEN__) #define I2C_USE_MUTUAL_EXCLUSION TRUE #if !defined(MAC_USE_ZERO_COPY) || defined(__DOXYGEN__) #define MAC_USE_ZERO_COPY FALSE #if !defined(MAC_USE_EVENTS) || defined(__DOXYGEN__) #define MAC_USE_EVENTS TRUE #if !defined(MMC_NICE_WAITING) || defined(__DOXYGEN__) #define MMC_NICE_WAITING TRUE #if !defined(SDC_INIT_RETRY) || defined(__DOXYGEN__) #define SDC_INIT_RETRY 100 #if !defined(SDC_MMC_SUPPORT) || defined(__DOXYGEN__) #define SDC_MMC_SUPPORT FALSE #if !defined(SDC_NICE_WAITING) || defined(__DOXYGEN__) #define SDC_NICE_WAITING TRUE #if !defined(SERIAL_DEFAULT_BITRATE) || defined(__DOXYGEN__) #define SERIAL_DEFAULT_BITRATE 115200 #if !defined(SERIAL_BUFFERS_SIZE) || defined(__DOXYGEN__) #define SERIAL_BUFFERS_SIZE 128 #if !defined(SERIAL_USB_BUFFERS_SIZE) || defined(__DOXYGEN__) #define SERIAL_USB_BUFFERS_SIZE 1024 #if !defined(SPI_USE_WAIT) || defined(__DOXYGEN__) #define SPI_USE_WAIT TRUE #if !defined(SPI_USE_MUTUAL_EXCLUSION) || defined(__DOXYGEN__) #define SPI_USE_MUTUAL_EXCLUSION TRUE #if !defined(STM32_DMA_REQUIRED) #define STM32_DMA_REQUIRED #define STM32_DMA_ISR_MASK 0x3D
# makefile (from 'Makefile', line 248)
ULIBDIR = 
# makefile (from 'ChibiOS_3.0.5/os/common/ports/ARMCMx/compilers/GCC/rules.mk', line 83)
TSRC = $(TCSRC)$(TCPPSRC)
# default
.VARIABLES := 
# automatic
*F = $(notdir $*)
# environment
PROCESSOR_IDENTIFIER = Intel64 Family 6 Model 165 Stepping 3, GenuineIntel
# environment
OS = Windows_NT
# environment
VSCODE_IPC_HOOK = \\.\pipe\8324fef72d230b6390bc1527febbdd27-1.68.1-main-sock
# makefile (from 'hwconf/hwconf.mk', line 1)
HWSRC = hwconf/hw.c hwconf/drv8301.c
# environment
HOMEPATH = \Users\Carl
# environment
COMMONPROGRAMFILES(X86) = C:\Program Files (x86)\Common Files
# environment
PROMPT = $P$G
# environment
MFLAGS = -pqrR
# automatic
*D = $(patsubst %/,%,$(patsubst %\,%,$(dir $*)))
# makefile (from 'ChibiOS_3.0.5/os/common/ports/ARMCMx/compilers/GCC/rules.mk', line 96)
ASMXOBJS = $(addprefix $(OBJDIR)/, $(notdir $(ASMXSRC:.S=.o)))
# makefile (from 'Makefile', line 98)
CHIBIOS = ChibiOS_3.0.5
# environment
SYSTEMROOT = C:\WINDOWS
# automatic
+D = $(patsubst %/,%,$(patsubst %\,%,$(dir $+)))
# makefile (from 'Makefile', line 27)
USE_LINK_GC = yes
# automatic
+F = $(notdir $+)
# makefile (from 'ChibiOS_3.0.5/os/common/ports/ARMCMx/compilers/GCC/rules.mk', line 114)
ASXFLAGS = $(MCFLAGS) -Wa,-amhls=$(LSTDIR)/$(notdir $(<:.S=.lst)) $(ADEFS)
# makefile (from 'ChibiOS_3.0.5/os/hal/hal.mk', line 43)
HALSRC := ChibiOS_3.0.5/os/hal/src/hal.c ChibiOS_3.0.5/os/hal/src/st.c ChibiOS_3.0.5/os/hal/src/nvic.c ChibiOS_3.0.5/os/hal/src/hal_lld.c ChibiOS_3.0.5/os/hal/src/st_lld.c ChibiOS_3.0.5/os/hal/src/pal_lld.c ChibiOS_3.0.5/os/hal/src/pal.c
# environment
APPDATA = C:\Users\Carl\AppData\Roaming
# makefile (from 'Makefile', line 202)
TRGT = arm-none-eabi-
# makefile (from 'driver/stm32lib.mk', line 13)
STM32INC = driver/stdperiph_stm32f4/inc driver/CMSIS/include driver/CMSIS/ST
# environment
TEMP = C:\Users\Carl\AppData\Local\Temp
# environment
COMSPEC = C:\WINDOWS\system32\cmd.exe
# makefile (from 'ChibiOS_3.0.5/os/common/ports/ARMCMx/compilers/GCC/rules.mk', line 94)
TCPPOBJS = $(addprefix $(OBJDIR)/, $(notdir $(TCPPSRC:.cpp=.o)))
# makefile (from 'Makefile', line 150)
CPPSRC = 
# 'override' directive
.SHELLSTATUS := 1
# default
MAKEFILES := 
# makefile (from 'ChibiOS_3.0.5/os/hal/hal.mk', line 97)
HALINC = $(CHIBIOS)/os/hal/include
# automatic
<F = $(notdir $<)
# makefile (from 'ChibiOS_3.0.5/os/common/ports/ARMCMx/compilers/GCC/rules.mk', line 87)
OBJDIR = $(BUILDDIR)/obj
# makefile (from 'ChibiOS_3.0.5/os/common/ports/ARMCMx/compilers/GCC/rules.mk', line 101)
LLIBDIR = $(patsubst %,-L%,$(DLIBDIR) $(ULIBDIR))
# makefile (from 'Makefile', line 204)
CPPC = $(TRGT)g++
# makefile (from 'ChibiOS_3.0.5/os/common/ports/ARMCMx/compilers/GCC/rules.mk', line 84)
SRCPATHS = $(sort $(dir $(ASMXSRC)) $(dir $(ASMSRC)) $(dir $(ASRC)) $(dir $(TSRC)))
# makefile (from 'Makefile', line 78)
USE_FPU = hard
# environment
LC_ALL = C
# makefile (from 'Makefile', line 32)
USE_LDOPT = 
# environment
PROG27B48B2C053 = 1
# makefile (from 'Makefile', line 73)
USE_EXCEPTIONS_STACKSIZE = 0x800
# makefile (from 'Makefile', line 53)
USE_SMART_BUILD = yes
# makefile (from 'Makefile', line 225)
CWARN = -Wall -Wextra -Wundef -Wstrict-prototypes -Wshadow
# makefile (from 'ChibiOS_3.0.5/os/common/ports/ARMCMx/compilers/GCC/rules.mk', line 112)
ODFLAGS = -x --syms
# makefile (from 'Makefile', line 251)
ULIBS = -lm
# automatic
^F = $(notdir $^)
# default
SUFFIXES := 
# environment
SYSTEMDRIVE = C:
# environment
SESSIONNAME = Console
# environment
PROCESSOR_REVISION = a503
# makefile (from 'ChibiOS_3.0.5/os/common/ports/ARMCMx/compilers/GCC/rules.mk', line 108)
LIBS = $(DLIBS) $(ULIBS)
# default
.RECIPEPREFIX := 
#  
makefile (from 'ChibiOS_3.0.5/os/common/ports/ARMCMx/compilers/GCC/mk/startup_stm32f4xx.mk', line 9)
STARTUPLD = $(CHIBIOS)/os/common/ports/ARMCMx/compilers/GCC/ld
# environment
LANG = C
# environment
PROCESSOR_LEVEL = 6
# environment
FPS_BROWSER_APP_PROFILE_STRING = Internet Explorer
# environment
VSCODE_PID = 9440
# environment
USERDOMAIN_ROAMINGPROFILE = lisaplacepc
# variable set hash-table stats:
# Load=195/1024=19%, Rehash=0, Collisions=157/780=20%

# Pattern-specific Variable Values

# No pattern-specific variable values.

# Directories

# ChibiOS_3.0.5/os/hal/src/build/obj: could not be stat'd.
# ChibiOS_3.0.5/os/common/ports/ARMCMx/compilers/GCC (key c:/Users/Carl/Documents/bldc/ChibiOS_3.0.5/os/common/ports/ARMCMx/compilers/GCC, mtime 1656656328): 8 files, no impossibilities.
# ChibiOS_3.0.5/os/rt/ports/ARMCMx/compilers/GCC/build/obj: could not be stat'd.
# ChibiOS_3.0.5/os/rt/src/build/obj: could not be stat'd.
# hwconf/build/obj: could not be stat'd.
# . (key c:/Users/Carl/Documents/bldc, mtime 1656656366): 38 files, no impossibilities.
# .dep (key c:/Users/Carl/Documents/bldc/.dep, mtime 1656656366): 2 files, no impossibilities.
# ChibiOS_3.0.5/os/rt/ports/ARMCMx (key c:/Users/Carl/Documents/bldc/ChibiOS_3.0.5/os/rt/ports/ARMCMx, mtime 1656656327): 7 files, no impossibilities.
# driver/stdperiph_stm32f4/src/build/obj: could not be stat'd.
# ChibiOS_3.0.5/os/rt/ports/ARMCMx/compilers/GCC (key c:/Users/Carl/Documents/bldc/ChibiOS_3.0.5/os/rt/ports/ARMCMx/compilers/GCC, mtime 1656656327): 5 files, no impossibilities.
# ChibiOS_3.0.5/os/hal/src (key c:/Users/Carl/Documents/bldc/ChibiOS_3.0.5/os/hal/src, mtime 1656656328): 9 files, no impossibilities.
# ChibiOS_3.0.5/os/rt/src (key c:/Users/Carl/Documents/bldc/ChibiOS_3.0.5/os/rt/src, mtime 1656656263): 21 files, no impossibilities.
# hwconf (key c:/Users/Carl/Documents/bldc/hwconf, mtime 1656656328): 9 files, no impossibilities.
# ChibiOS_3.0.5/os/common/ports/ARMCMx/compilers/GCC/build/obj: could not be stat'd.
# ChibiOS_3.0.5/os/rt/ports/ARMCMx/build/obj: could not be stat'd.
# driver/stdperiph_stm32f4/src (key c:/Users/Carl/Documents/bldc/driver/stdperiph_stm32f4/src, mtime 1656656328): 13 files, no impossibilities.

# 112 files, no impossibilities in 16 directories.

# Implicit Rules

%.elf: build/obj/crt0_v7m.o build/obj/chcoreasm_v7m.o build/obj/misc.o build/obj/stm32f4xx_adc.o build/obj/stm32f4xx_dma.o build/obj/stm32f4xx_exti.o build/obj/stm32f4xx_flash.o build/obj/stm32f4xx_rcc.o build/obj/stm32f4xx_syscfg.o build/obj/stm32f4xx_tim.o build/obj/stm32f4xx_iwdg.o build/obj/stm32f4xx_wwdg.o build/obj/crt1.o build/obj/vectors.o build/obj/chsys.o build/obj/chdebug.o build/obj/chvt.o build/obj/chschd.o build/obj/chthreads.o build/obj/chtm.o build/obj/chdynamic.o build/obj/chregistry.o build/obj/chsem.o build/obj/chmtx.o build/obj/chcond.o build/obj/chevents.o build/obj/chmsg.o build/obj/chmboxes.o build/obj/chqueues.o build/obj/chmemcore.o build/obj/chheap.o build/obj/chmempools.o build/obj/chcore.o build/obj/chcore_v7m.o build/obj/hal.o build/obj/st.o build/obj/nvic.o build/obj/hal_lld.o build/obj/st_lld.o build/obj/pal_lld.o build/obj/pal.o build/obj/board.o build/obj/main.o build/obj/irq_handlers.o build/obj/digital_filter.o build/obj/utils.o build/obj/mc_interface.o build/obj/mcpwm_foc.o build/obj/timer.o build/obj/hw.o build/obj/drv8301.o ld_eeprom_emu.ld
#  recipe to execute (from 'ChibiOS_3.0.5/os/common/ports/ARMCMx/compilers/GCC/rules.mk', line 238):
	@echo Linking $@
	@$(LD) $(OBJS) $(LDFLAGS) $(LIBS) -o $@

%.hex: %.elf ld_eeprom_emu.ld
#  recipe to execute (from 'ChibiOS_3.0.5/os/common/ports/ARMCMx/compilers/GCC/rules.mk', line 246):
	@echo Creating $@
	@$(HEX) $< $@

%.bin: %.elf ld_eeprom_emu.ld
#  recipe to execute (from 'ChibiOS_3.0.5/os/common/ports/ARMCMx/compilers/GCC/rules.mk', line 254):
	@echo Creating $@
	@$(BIN) $< $@

%.srec: %.elf ld_eeprom_emu.ld
#  recipe to execute (from 'ChibiOS_3.0.5/os/common/ports/ARMCMx/compilers/GCC/rules.mk', line 262):
	@echo Creating $@
	@$(SREC) $< $@

%.dmp: %.elf ld_eeprom_emu.ld
#  recipe to execute (from 'ChibiOS_3.0.5/os/common/ports/ARMCMx/compilers/GCC/rules.mk', line 271):
	@echo Creating $@
	@$(OD) $(ODFLAGS) $< > $@
	@echo
	@$(SZ) $<

%.list: %.elf ld_eeprom_emu.ld
#  recipe to execute (from 'ChibiOS_3.0.5/os/common/ports/ARMCMx/compilers/GCC/rules.mk', line 281):
	@echo Creating $@
	@$(OD) -S $< > $@
	@echo
	@echo Done

# 6 implicit rules, 0 (0.0%) terminal.

# Files

build/lst:
#  Implicit rule search has not been done.
#  Modification time never checked.
#  File has not been updated.
#  recipe to execute (from 'ChibiOS_3.0.5/os/common/ports/ARMCMx/compilers/GCC/rules.mk', line 177):
	@mkdir -p $(LSTDIR)

# Not a target:
stm32f4xx_iwdg.c:
#  Implicit rule search has not been done.
#  Modification time never checked.
#  File has not been updated.

build/obj/misc.o: misc.c Makefile | build build/obj build/lst
#  Implicit rule search has not been done.
#  Implicit/static pattern stem: 'misc'
#  Modification time never checked.
#  File has not been updated.
#  recipe to execute (from 'ChibiOS_3.0.5/os/common/ports/ARMCMx/compilers/GCC/rules.mk', line 211):
	@echo Compiling $(<F)
	@$(CC) -c $(CFLAGS) $(TOPT) -I. $(IINCDIR) $< -o $@

# Not a target:
chcore.c:
#  Implicit rule search has not been done.
#  Modification time never checked.
#  File has not been updated.

# Not a target:
chdebug.c:
#  Implicit rule search has not been done.
#  Modification time never checked.
#  File has not been updated.

# Not a target:
stm32f4xx_syscfg.c:
#  Implicit rule search has not been done.
#  Modification time never checked.
#  File has not been updated.

# Not a target:
drv8301.c:
#  Implicit rule search has not been done.
#  Modification time never checked.
#  File has not been updated.

build/obj/pal.o: pal.c Makefile | build build/obj build/lst
#  Implicit rule search has not been done.
#  Implicit/static pattern stem: 'pal'
#  Modification time never checked.
#  File has not been updated.
#  recipe to execute (from 'ChibiOS_3.0.5/os/common/ports/ARMCMx/compilers/GCC/rules.mk', line 211):
	@echo Compiling $(<F)
	@$(CC) -c $(CFLAGS) $(TOPT) -I. $(IINCDIR) $< -o $@

build/obj/mc_interface.o: mc_interface.c Makefile | build build/obj build/lst
#  Implicit rule search has not been done.
#  Implicit/static pattern stem: 'mc_interface'
#  Modification time never checked.
#  File has not been updated.
#  recipe to execute (from 'ChibiOS_3.0.5/os/common/ports/ARMCMx/compilers/GCC/rules.mk', line 211):
	@echo Compiling $(<F)
	@$(CC) -c $(CFLAGS) $(TOPT) -I. $(IINCDIR) $< -o $@

build/obj/chdynamic.o: chdynamic.c Makefile | build build/obj build/lst
#  Implicit rule search has not been done.
#  Implicit/static pattern stem: 'chdynamic'
#  Modification time never checked.
#  File has not been updated.
#  recipe to execute (from 'ChibiOS_3.0.5/os/common/ports/ARMCMx/compilers/GCC/rules.mk', line 211):
	@echo Compiling $(<F)
	@$(CC) -c $(CFLAGS) $(TOPT) -I. $(IINCDIR) $< -o $@

build/obj/chregistry.o: chregistry.c Makefile | build build/obj build/lst
#  Implicit rule search has not been done.
#  Implicit/static pattern stem: 'chregistry'
#  Modification time never checked.
#  File has not been updated.
#  recipe to execute (from 'ChibiOS_3.0.5/os/common/ports/ARMCMx/compilers/GCC/rules.mk', line 211):
	@echo Compiling $(<F)
	@$(CC) -c $(CFLAGS) $(TOPT) -I. $(IINCDIR) $< -o $@

# Not a target:
ChibiOS_3.0.5/os/hal/osal/rt/osal.mk:
#  Implicit rule search has been done.
#  Last modified 2022-07-01 18:18:48
#  File has been updated.
#  Successfully updated.

build/obj/vectors.o: vectors.c Makefile | build build/obj build/lst
#  Implicit rule search has not been done.
#  Implicit/static pattern stem: 'vectors'
#  Modification time never checked.
#  File has not been updated.
#  recipe to execute (from 'ChibiOS_3.0.5/os/common/ports/ARMCMx/compilers/GCC/rules.mk', line 211):
	@echo Compiling $(<F)
	@$(CC) -c $(CFLAGS) $(TOPT) -I. $(IINCDIR) $< -o $@

# Not a target:
chevents.c:
#  Implicit rule search has not been done.
#  Modification time never checked.
#  File has not been updated.

upload-pi-remote: build/BLDC_4_ChibiOS.elf
#  Implicit rule search has not been done.
#  Modification time never checked.
#  File has not been updated.
#  recipe to execute (from 'Makefile', line 288):
	./upload_remote_pi build/$(PROJECT).elf ted 10.42.0.199 22

# Not a target:
build/BLDC_4_ChibiOS.dmp:
#  Implicit rule search has not been done.
#  Modification time never checked.
#  File has not been updated.

# Not a target:
stm32f4xx_rcc.c:
#  Implicit rule search has not been done.
#  Modification time never checked.
#  File has not been updated.

all: PRE_MAKE_ALL_RULE_HOOK build/obj/crt0_v7m.o build/obj/chcoreasm_v7m.o build/obj/misc.o build/obj/stm32f4xx_adc.o build/obj/stm32f4xx_dma.o build/obj/stm32f4xx_exti.o build/obj/stm32f4xx_flash.o build/obj/stm32f4xx_rcc.o build/obj/stm32f4xx_syscfg.o build/obj/stm32f4xx_tim.o build/obj/stm32f4xx_iwdg.o build/obj/stm32f4xx_wwdg.o build/obj/crt1.o build/obj/vectors.o build/obj/chsys.o build/obj/chdebug.o build/obj/chvt.o build/obj/chschd.o build/obj/chthreads.o build/obj/chtm.o build/obj/chdynamic.o build/obj/chregistry.o build/obj/chsem.o build/obj/chmtx.o build/obj/chcond.o build/obj/chevents.o build/obj/chmsg.o build/obj/chmboxes.o build/obj/chqueues.o build/obj/chmemcore.o build/obj/chheap.o build/obj/chmempools.o build/obj/chcore.o build/obj/chcore_v7m.o build/obj/hal.o build/obj/st.o build/obj/nvic.o build/obj/hal_lld.o build/obj/st_lld.o build/obj/pal_lld.o build/obj/pal.o build/obj/board.o build/obj/main.o build/obj/irq_handlers.o build/obj/digital_filter.o build/obj/utils.o build/obj/mc_interface.o build/obj/mcpwm_foc.o build/obj/timer.o build/obj/hw.o build/obj/drv8301.o build/BLDC_4_ChibiOS.elf build/BLDC_4_ChibiOS.hex build/BLDC_4_ChibiOS.bin build/BLDC_4_ChibiOS.dmp build/BLDC_4_ChibiOS.list POST_MAKE_ALL_RULE_HOOK
#  Command line target.
#  Implicit rule search has been done.
#  File does not exist.
#  File has been updated.
#  Needs to be updated (-q is set).
# variable set hash-table stats:
# Load=0/32=0%, Rehash=0, Collisions=0/41=0%

# Not a target:
stm32f4xx_exti.c:
#  Implicit rule search has not been done.
#  Modification time never checked.
#  File has not been updated.

build/obj/drv8301.o: drv8301.c Makefile | build build/obj build/lst
#  Implicit rule search has not been done.
#  Implicit/static pattern stem: 'drv8301'
#  Modification time never checked.
#  File has not been updated.
#  recipe to execute (from 'ChibiOS_3.0.5/os/common/ports/ARMCMx/compilers/GCC/rules.mk', line 211):
	@echo Compiling $(<F)
	@$(CC) -c $(CFLAGS) $(TOPT) -I. $(IINCDIR) $< -o $@

build/obj/crt0_v7m.o: ChibiOS_3.0.5/os/common/ports/ARMCMx/compilers/GCC/crt0_v7m.s Makefile | build build/obj build/lst
#  Implicit rule search has not been done.
#  Implicit/static pattern stem: 'crt0_v7m'
#  File does not exist.
#  File has been updated.
#  Needs to be updated (-q is set).
# variable set hash-table stats:
# Load=0/32=0%, Rehash=0, Collisions=0/41=0%
#  recipe to execute (from 'ChibiOS_3.0.5/os/common/ports/ARMCMx/compilers/GCC/rules.mk', line 220):
	@echo Compiling $(<F)
	@$(AS) -c $(ASFLAGS) -I. $(IINCDIR) $< -o $@

# Not a target:
stm32f4xx_wwdg.c:
#  Implicit rule search has not been done.
#  Modification time never checked.
#  File has not been updated.

build/obj/chmsg.o: chmsg.c Makefile | build build/obj build/lst
#  Implicit rule search has not been done.
#  Implicit/static pattern stem: 'chmsg'
#  Modification time never checked.
#  File has not been updated.
#  recipe to execute (from 'ChibiOS_3.0.5/os/common/ports/ARMCMx/compilers/GCC/rules.mk', line 211):
	@echo Compiling $(<F)
	@$(CC) -c $(CFLAGS) $(TOPT) -I. $(IINCDIR) $< -o $@

# Not a target:
timer.c:
#  Implicit rule search has not been done.
#  Modification time never checked.
#  File has not been updated.

# Not a target:
nvic.c:
#  Implicit rule search has not been done.
#  Modification time never checked.
#  File has not been updated.

build/obj/chmemcore.o: chmemcore.c Makefile | build build/obj build/lst
#  Implicit rule search has not been done.
#  Implicit/static pattern stem: 'chmemcore'
#  Modification time never checked.
#  File has not been updated.
#  recipe to execute (from 'ChibiOS_3.0.5/os/common/ports/ARMCMx/compilers/GCC/rules.mk', line 211):
	@echo Compiling $(<F)
	@$(CC) -c $(CFLAGS) $(TOPT) -I. $(IINCDIR) $< -o $@

build/obj/chsys.o: chsys.c Makefile | build build/obj build/lst
#  Implicit rule search has not been done.
#  Implicit/static pattern stem: 'chsys'
#  Modification time never checked.
#  File has not been updated.
#  recipe to execute (from 'ChibiOS_3.0.5/os/common/ports/ARMCMx/compilers/GCC/rules.mk', line 211):
	@echo Compiling $(<F)
	@$(CC) -c $(CFLAGS) $(TOPT) -I. $(IINCDIR) $< -o $@

# Not a target:
main.c:
#  Implicit rule search has not been done.
#  Modification time never checked.
#  File has not been updated.

# Not a target:
chsys.c:
#  Implicit rule search has not been done.
#  Modification time never checked.
#  File has not been updated.

# Not a target:
chqueues.c:
#  Implicit rule search has not been done.
#  Modification time never checked.
#  File has not been updated.

build/obj/stm32f4xx_adc.o: stm32f4xx_adc.c Makefile | build build/obj build/lst
#  Implicit rule search has not been done.
#  Implicit/static pattern stem: 'stm32f4xx_adc'
#  Modification time never checked.
#  File has not been updated.
#  recipe to execute (from 'ChibiOS_3.0.5/os/common/ports/ARMCMx/compilers/GCC/rules.mk', line 211):
	@echo Compiling $(<F)
	@$(CC) -c $(CFLAGS) $(TOPT) -I. $(IINCDIR) $< -o $@

# Not a target:
mcpwm_foc.c:
#  Implicit rule search has not been done.
#  Modification time never checked.
#  File has not been updated.

build/obj/stm32f4xx_tim.o: stm32f4xx_tim.c Makefile | build build/obj build/lst
#  Implicit rule search has not been done.
#  Implicit/static pattern stem: 'stm32f4xx_tim'
#  Modification time never checked.
#  File has not been updated.
#  recipe to execute (from 'ChibiOS_3.0.5/os/common/ports/ARMCMx/compilers/GCC/rules.mk', line 211):
	@echo Compiling $(<F)
	@$(CC) -c $(CFLAGS) $(TOPT) -I. $(IINCDIR) $< -o $@

build/obj/chvt.o: chvt.c Makefile | build build/obj build/lst
#  Implicit rule search has not been done.
#  Implicit/static pattern stem: 'chvt'
#  Modification time never checked.
#  File has not been updated.
#  recipe to execute (from 'ChibiOS_3.0.5/os/common/ports/ARMCMx/compilers/GCC/rules.mk', line 211):
	@echo Compiling $(<F)
	@$(CC) -c $(CFLAGS) $(TOPT) -I. $(IINCDIR) $< -o $@

build/obj/irq_handlers.o: irq_handlers.c Makefile | build build/obj build/lst
#  Implicit rule search has not been done.
#  Implicit/static pattern stem: 'irq_handlers'
#  Modification time never checked.
#  File has not been updated.
#  recipe to execute (from 'ChibiOS_3.0.5/os/common/ports/ARMCMx/compilers/GCC/rules.mk', line 211):
	@echo Compiling $(<F)
	@$(CC) -c $(CFLAGS) $(TOPT) -I. $(IINCDIR) $< -o $@

# Not a target:
.SUFFIXES:
#  Implicit rule search has not been done.
#  Modification time never checked.
#  File has not been updated.

build/obj/chmempools.o: chmempools.c Makefile | build build/obj build/lst
#  Implicit rule search has not been done.
#  Implicit/static pattern stem: 'chmempools'
#  Modification time never checked.
#  File has not been updated.
#  recipe to execute (from 'ChibiOS_3.0.5/os/common/ports/ARMCMx/compilers/GCC/rules.mk', line 211):
	@echo Compiling $(<F)
	@$(CC) -c $(CFLAGS) $(TOPT) -I. $(IINCDIR) $< -o $@

# Not a target:
build/BLDC_4_ChibiOS.hex:
#  Implicit rule search has not been done.
#  Modification time never checked.
#  File has not been updated.

# Not a target:
Makefile:
#  Implicit rule search has been done.
#  Last modified 2022-07-01 18:18:48
#  File has been updated.
#  Successfully updated.

# Not a target:
chcore_v7m.c:
#  Implicit rule search has not been done.
#  Modification time never checked.
#  File has not been updated.

# Not a target:
chschd.c:
#  Implicit rule search has not been done.
#  Modification time never checked.
#  File has not been updated.

# Not a target:
chthreads.c:
#  Implicit rule search has not been done.
#  Modification time never checked.
#  File has not been updated.

# Not a target:
utils.c:
#  Implicit rule search has not been done.
#  Modification time never checked.
#  File has not been updated.

build/obj/chsem.o: chsem.c Makefile | build build/obj build/lst
#  Implicit rule search has not been done.
#  Implicit/static pattern stem: 'chsem'
#  Modification time never checked.
#  File has not been updated.
#  recipe to execute (from 'ChibiOS_3.0.5/os/common/ports/ARMCMx/compilers/GCC/rules.mk', line 211):
	@echo Compiling $(<F)
	@$(CC) -c $(CFLAGS) $(TOPT) -I. $(IINCDIR) $< -o $@

build/obj/timer.o: timer.c Makefile | build build/obj build/lst
#  Implicit rule search has not been done.
#  Implicit/static pattern stem: 'timer'
#  Modification time never checked.
#  File has not been updated.
#  recipe to execute (from 'ChibiOS_3.0.5/os/common/ports/ARMCMx/compilers/GCC/rules.mk', line 211):
	@echo Compiling $(<F)
	@$(CC) -c $(CFLAGS) $(TOPT) -I. $(IINCDIR) $< -o $@

# Not a target:
ChibiOS_3.0.5/os/rt/ports/ARMCMx/compilers/GCC/mk/port_v7m.mk:
#  Implicit rule search has been done.
#  Last modified 2022-07-01 18:17:43
#  File has been updated.
#  Successfully updated.

# Not a target:
hal_lld.c:
#  Implicit rule search has not been done.
#  Modification time never checked.
#  File has not been updated.

build:
#  Implicit rule search has not been done.
#  Implicit/static pattern stem: ''
#  File does not exist.
#  File has been updated.
#  Needs to be updated (-q is set).
# automatic
# @ := build
# automatic
# % := 
# automatic
# * := 
# automatic
# + := 
# automatic
# | := 
# automatic
# < := 
# automatic
# ^ := 
# automatic
# ? := 
# variable set hash-table stats:
# Load=8/32=25%, Rehash=0, Collisions=4/51=8%
#  recipe to execute (from 'ChibiOS_3.0.5/os/common/ports/ARMCMx/compilers/GCC/rules.mk', line 167):
	@echo Compiler Options
	@echo $(CC) -c $(CFLAGS) -I. $(IINCDIR) main.c -o main.o
	@echo
	@mkdir -p $(BUILDDIR)

build/obj/board.o: board.c Makefile | build build/obj build/lst
#  Implicit rule search has not been done.
#  Implicit/static pattern stem: 'board'
#  Modification time never checked.
#  File has not been updated.
#  recipe to execute (from 'ChibiOS_3.0.5/os/common/ports/ARMCMx/compilers/GCC/rules.mk', line 211):
	@echo Compiling $(<F)
	@$(CC) -c $(CFLAGS) $(TOPT) -I. $(IINCDIR) $< -o $@

build/obj/chcoreasm_v7m.o: chcoreasm_v7m.s Makefile | build build/obj build/lst
#  Implicit rule search has not been done.
#  Implicit/static pattern stem: 'chcoreasm_v7m'
#  Modification time never checked.
#  File has not been updated.
#  recipe to execute (from 'ChibiOS_3.0.5/os/common/ports/ARMCMx/compilers/GCC/rules.mk', line 220):
	@echo Compiling $(<F)
	@$(AS) -c $(ASFLAGS) -I. $(IINCDIR) $< -o $@

# Not a target:
pal_lld.c:
#  Implicit rule search has not been done.
#  Modification time never checked.
#  File has not been updated.

# Not a target:
chdynamic.c:
#  Implicit rule search has not been done.
#  Modification time never checked.
#  File has not been updated.

# Not a target:
chregistry.c:
#  Implicit rule search has not been done.
#  Modification time never checked.
#  File has not been updated.

build/obj/stm32f4xx_flash.o: stm32f4xx_flash.c Makefile | build build/obj build/lst
#  Implicit rule search has not been done.
#  Implicit/static pattern stem: 'stm32f4xx_flash'
#  Modification time never checked.
#  File has not been updated.
#  recipe to execute (from 'ChibiOS_3.0.5/os/common/ports/ARMCMx/compilers/GCC/rules.mk', line 211):
	@echo Compiling $(<F)
	@$(CC) -c $(CFLAGS) $(TOPT) -I. $(IINCDIR) $< -o $@

# Not a target:
ChibiOS_3.0.5/os/common/ports/ARMCMx/compilers/GCC/mk/startup_stm32f4xx.mk:
#  Implicit rule search has been done.
#  Last modified 2022-07-01 18:18:48
#  File has been updated.
#  Successfully updated.

build/obj/chcore_v7m.o: chcore_v7m.c Makefile | build build/obj build/lst
#  Implicit rule search has not been done.
#  Implicit/static pattern stem: 'chcore_v7m'
#  Modification time never checked.
#  File has not been updated.
#  recipe to execute (from 'ChibiOS_3.0.5/os/common/ports/ARMCMx/compilers/GCC/rules.mk', line 211):
	@echo Compiling $(<F)
	@$(CC) -c $(CFLAGS) $(TOPT) -I. $(IINCDIR) $< -o $@

size: build/BLDC_4_ChibiOS.elf
#  Implicit rule search has not been done.
#  Modification time never checked.
#  File has not been updated.
#  recipe to execute (from 'Makefile', line 294):
	@$(SZ) $<

# Not a target:
irq_handlers.c:
#  Implicit rule search has not been done.
#  Modification time never checked.
#  File has not been updated.

build/obj/stm32f4xx_dma.o: stm32f4xx_dma.c Makefile | build build/obj build/lst
#  Implicit rule search has not been done.
#  Implicit/static pattern stem: 'stm32f4xx_dma'
#  Modification time never checked.
#  File has not been updated.
#  recipe to execute (from 'ChibiOS_3.0.5/os/common/ports/ARMCMx/compilers/GCC/rules.mk', line 211):
	@echo Compiling $(<F)
	@$(CC) -c $(CFLAGS) $(TOPT) -I. $(IINCDIR) $< -o $@

build/obj/hal_lld.o: hal_lld.c Makefile | build build/obj build/lst
#  Implicit rule search has not been done.
#  Implicit/static pattern stem: 'hal_lld'
#  Modification time never checked.
#  File has not been updated.
#  recipe to execute (from 'ChibiOS_3.0.5/os/common/ports/ARMCMx/compilers/GCC/rules.mk', line 211):
	@echo Compiling $(<F)
	@$(CC) -c $(CFLAGS) $(TOPT) -I. $(IINCDIR) $< -o $@

build/BLDC_4_ChibiOS.bin: build/BLDC_4_ChibiOS.elf
#  Implicit rule search has not been done.
#  Modification time never checked.
#  File has not been updated.
#  recipe to execute (from 'Makefile', line 268):
	$(BIN) build/$(PROJECT).elf build/$(PROJECT).bin --gap-fill 0xFF

build/obj/chcond.o: chcond.c Makefile | build build/obj build/lst
#  Implicit rule search has not been done.
#  Implicit/static pattern stem: 'chcond'
#  Modification time never checked.
#  File has not been updated.
#  recipe to execute (from 'ChibiOS_3.0.5/os/common/ports/ARMCMx/compilers/GCC/rules.mk', line 211):
	@echo Compiling $(<F)
	@$(CC) -c $(CFLAGS) $(TOPT) -I. $(IINCDIR) $< -o $@

# Not a target:
build/BLDC_4_ChibiOS.elf:
#  Implicit rule search has not been done.
#  Modification time never checked.
#  File has not been updated.

build/obj/chheap.o: chheap.c Makefile | build build/obj build/lst
#  Implicit rule search has not been done.
#  Implicit/static pattern stem: 'chheap'
#  Modification time never checked.
#  File has not been updated.
#  recipe to execute (from 'ChibiOS_3.0.5/os/common/ports/ARMCMx/compilers/GCC/rules.mk', line 211):
	@echo Compiling $(<F)
	@$(CC) -c $(CFLAGS) $(TOPT) -I. $(IINCDIR) $< -o $@

# Not a target:
hw.c:
#  Implicit rule search has not been done.
#  Modification time never checked.
#  File has not been updated.

# Not a target:
chmemcore.c:
#  Implicit rule search has not been done.
#  Modification time never checked.
#  File has not been updated.

# Not a target:
hwconf/hwconf.mk:
#  Implicit rule search has been done.
#  Last modified 2022-07-01 18:18:48
#  File has been updated.
#  Successfully updated.

build/obj/nvic.o: nvic.c Makefile | build build/obj build/lst
#  Implicit rule search has not been done.
#  Implicit/static pattern stem: 'nvic'
#  Modification time never checked.
#  File has not been updated.
#  recipe to execute (from 'ChibiOS_3.0.5/os/common/ports/ARMCMx/compilers/GCC/rules.mk', line 211):
	@echo Compiling $(<F)
	@$(CC) -c $(CFLAGS) $(TOPT) -I. $(IINCDIR) $< -o $@

# Not a target:
ChibiOS_3.0.5/os/common/ports/ARMCMx/compilers/GCC/crt0_v7m.s:
#  Implicit rule search has been done.
#  Last modified 2022-07-01 18:17:43
#  File has been updated.
#  Successfully updated.

build/obj/main.o: main.c Makefile | build build/obj build/lst
#  Implicit rule search has not been done.
#  Implicit/static pattern stem: 'main'
#  Modification time never checked.
#  File has not been updated.
#  recipe to execute (from 'ChibiOS_3.0.5/os/common/ports/ARMCMx/compilers/GCC/rules.mk', line 211):
	@echo Compiling $(<F)
	@$(CC) -c $(CFLAGS) $(TOPT) -I. $(IINCDIR) $< -o $@

lib: build/obj/crt0_v7m.o build/obj/chcoreasm_v7m.o build/obj/misc.o build/obj/stm32f4xx_adc.o build/obj/stm32f4xx_dma.o build/obj/stm32f4xx_exti.o build/obj/stm32f4xx_flash.o build/obj/stm32f4xx_rcc.o build/obj/stm32f4xx_syscfg.o build/obj/stm32f4xx_tim.o build/obj/stm32f4xx_iwdg.o build/obj/stm32f4xx_wwdg.o build/obj/crt1.o build/obj/vectors.o build/obj/chsys.o build/obj/chdebug.o build/obj/chvt.o build/obj/chschd.o build/obj/chthreads.o build/obj/chtm.o build/obj/chdynamic.o build/obj/chregistry.o build/obj/chsem.o build/obj/chmtx.o build/obj/chcond.o build/obj/chevents.o build/obj/chmsg.o build/obj/chmboxes.o build/obj/chqueues.o build/obj/chmemcore.o build/obj/chheap.o build/obj/chmempools.o build/obj/chcore.o build/obj/chcore_v7m.o build/obj/hal.o build/obj/st.o build/obj/nvic.o build/obj/hal_lld.o build/obj/st_ 
lld.o build/obj/pal_lld.o build/obj/pal.o build/obj/board.o build/obj/main.o build/obj/irq_handlers.o build/obj/digital_filter.o build/obj/utils.o build/obj/mc_interface.o build/obj/mcpwm_foc.o build/obj/timer.o build/obj/hw.o build/obj/drv8301.o build/libBLDC_4_ChibiOS.a
#  Implicit rule search has not been done.
#  Modification time never checked.
#  File has not been updated.

# Not a target:
stm32f4xx_tim.c:
#  Implicit rule search has not been done.
#  Modification time never checked.
#  File has not been updated.

build/obj/chtm.o: chtm.c Makefile | build build/obj build/lst
#  Implicit rule search has not been done.
#  Implicit/static pattern stem: 'chtm'
#  Modification time never checked.
#  File has not been updated.
#  recipe to execute (from 'ChibiOS_3.0.5/os/common/ports/ARMCMx/compilers/GCC/rules.mk', line 211):
	@echo Compiling $(<F)
	@$(CC) -c $(CFLAGS) $(TOPT) -I. $(IINCDIR) $< -o $@

# Not a target:
chsem.c:
#  Implicit rule search has not been done.
#  Modification time never checked.
#  File has not been updated.

build/obj/hw.o: hw.c Makefile | build build/obj build/lst
#  Implicit rule search has not been done.
#  Implicit/static pattern stem: 'hw'
#  Modification time never checked.
#  File has not been updated.
#  recipe to execute (from 'ChibiOS_3.0.5/os/common/ports/ARMCMx/compilers/GCC/rules.mk', line 211):
	@echo Compiling $(<F)
	@$(CC) -c $(CFLAGS) $(TOPT) -I. $(IINCDIR) $< -o $@

build/obj/mcpwm_foc.o: mcpwm_foc.c Makefile | build build/obj build/lst
#  Implicit rule search has not been done.
#  Implicit/static pattern stem: 'mcpwm_foc'
#  Modification time never checked.
#  File has not been updated.
#  recipe to execute (from 'ChibiOS_3.0.5/os/common/ports/ARMCMx/compilers/GCC/rules.mk', line 211):
	@echo Compiling $(<F)
	@$(CC) -c $(CFLAGS) $(TOPT) -I. $(IINCDIR) $< -o $@

# Not a target:
chvt.c:
#  Implicit rule search has not been done.
#  Modification time never checked.
#  File has not been updated.

build/obj/crt1.o: crt1.c Makefile | build build/obj build/lst
#  Implicit rule search has not been done.
#  Implicit/static pattern stem: 'crt1'
#  Modification time never checked.
#  File has not been updated.
#  recipe to execute (from 'ChibiOS_3.0.5/os/common/ports/ARMCMx/compilers/GCC/rules.mk', line 211):
	@echo Compiling $(<F)
	@$(CC) -c $(CFLAGS) $(TOPT) -I. $(IINCDIR) $< -o $@

# Not a target:
chmempools.c:
#  Implicit rule search has not been done.
#  Modification time never checked.
#  File has not been updated.

# Not a target:
digital_filter.c:
#  Implicit rule search has not been done.
#  Modification time never checked.
#  File has not been updated.

# Not a target:
.DEFAULT:
#  Implicit rule search has not been done.
#  Modification time never checked.
#  File has not been updated.

clear_option_bytes:
#  Implicit rule search has not been done.
#  Modification time never checked.
#  File has not been updated.
#  recipe to execute (from 'Makefile', line 278):
	openocd -f board/stm32f4discovery.cfg -c "init" -c "stm32f2x unlock 0" -c "mww 0x40023C08 0x08192A3B; mww 0x40023C08 0x4C5D6E7F; mww 0x40023C14 0x0fffaaed" -c "exit"

build/obj/chmtx.o: chmtx.c Makefile | build build/obj build/lst
#  Implicit rule search has not been done.
#  Implicit/static pattern stem: 'chmtx'
#  Modification time never checked.
#  File has not been updated.
#  recipe to execute (from 'ChibiOS_3.0.5/os/common/ports/ARMCMx/compilers/GCC/rules.mk', line 211):
	@echo Compiling $(<F)
	@$(CC) -c $(CFLAGS) $(TOPT) -I. $(IINCDIR) $< -o $@

# Not a target:
pal.c:
#  Implicit rule search has not been done.
#  Modification time never checked.
#  File has not been updated.

upload-olimex: build/BLDC_4_ChibiOS.bin
#  Implicit rule search has not been done.
#  Modification time never checked.
#  File has not been updated.
#  recipe to execute (from 'Makefile', line 282):
	openocd -f interface/ftdi/olimex-arm-usb-tiny-h.cfg -f interface/ftdi/olimex-arm-jtag-swd.cfg -c "set WORKAREASIZE 0x2000" -f target/stm32f4x.cfg -c "program build/$(PROJECT).elf verify reset"

build/obj/chmboxes.o: chmboxes.c Makefile | build build/obj build/lst
#  Implicit rule search has not been done.
#  Implicit/static pattern stem: 'chmboxes'
#  Modification time never checked.
#  File has not been updated.
#  recipe to execute (from 'ChibiOS_3.0.5/os/common/ports/ARMCMx/compilers/GCC/rules.mk', line 211):
	@echo Compiling $(<F)
	@$(CC) -c $(CFLAGS) $(TOPT) -I. $(IINCDIR) $< -o $@

build/obj/st_lld.o: st_lld.c Makefile | build build/obj build/lst
#  Implicit rule search has not been done.
#  Implicit/static pattern stem: 'st_lld'
#  Modification time never checked.
#  File has not been updated.
#  recipe to execute (from 'ChibiOS_3.0.5/os/common/ports/ARMCMx/compilers/GCC/rules.mk', line 211):
	@echo Compiling $(<F)
	@$(CC) -c $(CFLAGS) $(TOPT) -I. $(IINCDIR) $< -o $@

# Not a target:
hal.c:
#  Implicit rule search has not been done.
#  Modification time never checked.
#  File has not been updated.

build/obj/digital_filter.o: digital_filter.c Makefile | build build/obj build/lst
#  Implicit rule search has not been done.
#  Implicit/static pattern stem: 'digital_filter'
#  Modification time never checked.
#  File has not been updated.
#  recipe to execute (from 'ChibiOS_3.0.5/os/common/ports/ARMCMx/compilers/GCC/rules.mk', line 211):
	@echo Compiling $(<F)
	@$(CC) -c $(CFLAGS) $(TOPT) -I. $(IINCDIR) $< -o $@

# Not a target:
chcoreasm_v7m.s:
#  Implicit rule search has not been done.
#  Modification time never checked.
#  File has not been updated.

# Not a target:
misc.c:
#  Implicit rule search has not been done.
#  Modification time never checked.
#  File has not been updated.

# Not a target:
stm32f4xx_flash.c:
#  Implicit rule search has not been done.
#  Modification time never checked.
#  File has not been updated.

clean:
#  Implicit rule search has not been done.
#  Modification time never checked.
#  File has not been updated.
#  recipe to execute (from 'ChibiOS_3.0.5/os/common/ports/ARMCMx/compilers/GCC/rules.mk', line 295):
	@echo Cleaning
	-rm -fR .dep $(BUILDDIR)
	@echo
	@echo Done

PRE_MAKE_ALL_RULE_HOOK:
#  Implicit rule search has been done.
#  File does not exist.
#  File has been updated.
#  Successfully updated.

# Not a target:
ChibiOS_3.0.5/os/common/ports/ARMCMx/compilers/GCC/rules.mk:
#  Implicit rule search has been done.
#  Last modified 2022-07-01 18:18:48
#  File has been updated.
#  Successfully updated.

build/obj/stm32f4xx_iwdg.o: stm32f4xx_iwdg.c Makefile | build build/obj build/lst
#  Implicit rule search has not been done.
#  Implicit/static pattern stem: 'stm32f4xx_iwdg'
#  Modification time never checked.
#  File has not been updated.
#  recipe to execute (from 'ChibiOS_3.0.5/os/common/ports/ARMCMx/compilers/GCC/rules.mk', line 211):
	@echo Compiling $(<F)
	@$(CC) -c $(CFLAGS) $(TOPT) -I. $(IINCDIR) $< -o $@

build/obj/chcore.o: chcore.c Makefile | build build/obj build/lst
#  Implicit rule search has not been done.
#  Implicit/static pattern stem: 'chcore'
#  Modification time never checked.
#  File has not been updated.
#  recipe to execute (from 'ChibiOS_3.0.5/os/common/ports/ARMCMx/compilers/GCC/rules.mk', line 211):
	@echo Compiling $(<F)
	@$(CC) -c $(CFLAGS) $(TOPT) -I. $(IINCDIR) $< -o $@

# Not a target:
stm32f4xx_dma.c:
#  Implicit rule search has not been done.
#  Modification time never checked.
#  File has not been updated.

# Not a target:
mc_interface.c:
#  Implicit rule search has not been done.
#  Modification time never checked.
#  File has not been updated.

POST_MAKE_ALL_RULE_HOOK:
#  Implicit rule search has not been done.
#  Modification time never checked.
#  File has not been updated.

# Not a target:
chcond.c:
#  Implicit rule search has not been done.
#  Modification time never checked.
#  File has not been updated.

build/obj/chdebug.o: chdebug.c Makefile | build build/obj build/lst
#  Implicit rule search has not been done.
#  Implicit/static pattern stem: 'chdebug'
#  Modification time never checked.
#  File has not been updated.
#  recipe to execute (from 'ChibiOS_3.0.5/os/common/ports/ARMCMx/compilers/GCC/rules.mk', line 211):
	@echo Compiling $(<F)
	@$(CC) -c $(CFLAGS) $(TOPT) -I. $(IINCDIR) $< -o $@

build/obj/pal_lld.o: pal_lld.c Makefile | build build/obj build/lst
#  Implicit rule search has not been done.
#  Implicit/static pattern stem: 'pal_lld'
#  Modification time never checked.
#  File has not been updated.
#  recipe to execute (from 'ChibiOS_3.0.5/os/common/ports/ARMCMx/compilers/GCC/rules.mk', line 211):
	@echo Compiling $(<F)
	@$(CC) -c $(CFLAGS) $(TOPT) -I. $(IINCDIR) $< -o $@

build/obj/hal.o: hal.c Makefile | build build/obj build/lst
#  Implicit rule search has not been done.
#  Implicit/static pattern stem: 'hal'
#  Modification time never checked.
#  File has not been updated.
#  recipe to execute (from 'ChibiOS_3.0.5/os/common/ports/ARMCMx/compilers/GCC/rules.mk', line 211):
	@echo Compiling $(<F)
	@$(CC) -c $(CFLAGS) $(TOPT) -I. $(IINCDIR) $< -o $@

# Not a target:
chheap.c:
#  Implicit rule search has not been done.
#  Modification time never checked.
#  File has not been updated.

build/obj/stm32f4xx_syscfg.o: stm32f4xx_syscfg.c Makefile | build build/obj build/lst
#  Implicit rule search has not been done.
#  Implicit/static pattern stem: 'stm32f4xx_syscfg'
#  Modification time never checked.
#  File has not been updated.
#  recipe to execute (from 'ChibiOS_3.0.5/os/common/ports/ARMCMx/compilers/GCC/rules.mk', line 211):
	@echo Compiling $(<F)
	@$(CC) -c $(CFLAGS) $(TOPT) -I. $(IINCDIR) $< -o $@

# Not a target:
st.c:
#  Implicit rule search has not been done.
#  Modification time never checked.
#  File has not been updated.

build/obj/stm32f4xx_rcc.o: stm32f4xx_rcc.c Makefile | build build/obj build/lst
#  Implicit rule search has not been done.
#  Implicit/static pattern stem: 'stm32f4xx_rcc'
#  Modification time never checked.
#  File has not been updated.
#  recipe to execute (from 'ChibiOS_3.0.5/os/common/ports/ARMCMx/compilers/GCC/rules.mk', line 211):
	@echo Compiling $(<F)
	@$(CC) -c $(CFLAGS) $(TOPT) -I. $(IINCDIR) $< -o $@

# Not a target:
driver/stm32lib.mk:
#  Implicit rule search has been done.
#  Last modified 2022-07-01 18:18:48
#  File has been updated.
#  Successfully updated.

build/obj/chevents.o: chevents.c Makefile | build build/obj build/lst
#  Implicit rule search has not been done.
#  Implicit/static pattern stem: 'chevents'
#  Modification time never checked.
#  File has not been updated.
#  recipe to execute (from 'ChibiOS_3.0.5/os/common/ports/ARMCMx/compilers/GCC/rules.mk', line 211):
	@echo Compiling $(<F)
	@$(CC) -c $(CFLAGS) $(TOPT) -I. $(IINCDIR) $< -o $@

build/obj:
#  Implicit rule search has not been done.
#  Modification time never checked.
#  File has not been updated.
#  recipe to execute (from 'ChibiOS_3.0.5/os/common/ports/ARMCMx/compilers/GCC/rules.mk', line 174):
	@mkdir -p $(OBJDIR)

# Not a target:
vectors.c:
#  Implicit rule search has not been done.
#  Modification time never checked.
#  File has not been updated.

build/obj/stm32f4xx_exti.o: stm32f4xx_exti.c Makefile | build build/obj build/lst
#  Implicit rule search has not been done.
#  Implicit/static pattern stem: 'stm32f4xx_exti'
#  Modification time never checked.
#  File has not been updated.
#  recipe to execute (from 'ChibiOS_3.0.5/os/common/ports/ARMCMx/compilers/GCC/rules.mk', line 211):
	@echo Compiling $(<F)
	@$(CC) -c $(CFLAGS) $(TOPT) -I. $(IINCDIR) $< -o $@

# Not a target:
chtm.c:
#  Implicit rule search has not been done.
#  Modification time never checked.
#  File has not been updated.

# Not a target:
board.c:
#  Implicit rule search has not been done.
#  Modification time never checked.
#  File has not been updated.

build/obj/stm32f4xx_wwdg.o: stm32f4xx_wwdg.c Makefile | build build/obj build/lst
#  Implicit rule search has not been done.
#  Implicit/static pattern stem: 'stm32f4xx_wwdg'
#  Modification time never checked.
#  File has not been updated.
#  recipe to execute (from 'ChibiOS_3.0.5/os/common/ports/ARMCMx/compilers/GCC/rules.mk', line 211):
	@echo Compiling $(<F)
	@$(CC) -c $(CFLAGS) $(TOPT) -I. $(IINCDIR) $< -o $@

# Not a target:
crt1.c:
#  Implicit rule search has not been done.
#  Modification time never checked.
#  File has not been updated.

debug-start:
#  Implicit rule search has not been done.
#  Modification time never checked.
#  File has not been updated.
#  recipe to execute (from 'Makefile', line 291):
	openocd -f stm32-bv_openocd.cfg

# Not a target:
ChibiOS_3.0.5/os/hal/hal.mk:
#  Implicit rule search has been done.
#  Last modified 2022-07-01 18:18:48
#  File has been updated.
#  Successfully updated.

# Not a target:
build/BLDC_4_ChibiOS.list:
#  Implicit rule search has not been done.
#  Modification time never checked.
#  File has not been updated.

# Not a target:
chmsg.c:
#  Implicit rule search has not been done.
#  Modification time never checked.
#  File has not been updated.

build/obj/chqueues.o: chqueues.c Makefile | build build/obj build/lst
#  Implicit rule search has not been done.
#  Implicit/static pattern stem: 'chqueues'
#  Modification time never checked.
#  File has not been updated.
#  recipe to execute (from 'ChibiOS_3.0.5/os/common/ports/ARMCMx/compilers/GCC/rules.mk', line 211):
	@echo Compiling $(<F)
	@$(CC) -c $(CFLAGS) $(TOPT) -I. $(IINCDIR) $< -o $@

# Not a target:
ChibiOS_3.0.5/os/rt/rt.mk:
#  Implicit rule search has been done.
#  Last modified 2022-07-01 18:18:48
#  File has been updated.
#  Successfully updated.

# Not a target:
chmtx.c:
#  Implicit rule search has not been done.
#  Modification time never checked.
#  File has not been updated.

# Not a target:
chmboxes.c:
#  Implicit rule search has not been done.
#  Modification time never checked.
#  File has not been updated.

build/obj/utils.o: utils.c Makefile | build build/obj build/lst
#  Implicit rule search has not been done.
#  Implicit/static pattern stem: 'utils'
#  Modification time never checked.
#  File has not been updated.
#  recipe to execute (from 'ChibiOS_3.0.5/os/common/ports/ARMCMx/compilers/GCC/rules.mk', line 211):
	@echo Compiling $(<F)
	@$(CC) -c $(CFLAGS) $(TOPT) -I. $(IINCDIR) $< -o $@

# Not a target:
st_lld.c:
#  Implicit rule search has not been done.
#  Modification time never checked.
#  File has not been updated.

upload: build/BLDC_4_ChibiOS.bin
#  Implicit rule search has not been done.
#  Modification time never checked.
#  File has not been updated.
#  recipe to execute (from 'Makefile', line 272):
	openocd -f board/stm32f4discovery.cfg -c "reset_config trst_only combined" -c "program build/$(PROJECT).elf verify reset exit"

build/libBLDC_4_ChibiOS.a: build/obj/crt0_v7m.o build/obj/chcoreasm_v7m.o build/obj/misc.o build/obj/stm32f4xx_adc.o build/obj/stm32f4xx_dma.o build/obj/stm32f4xx_exti.o build/obj/stm32f4xx_flash.o build/obj/stm32f4xx_rcc.o build/obj/stm32f4xx_syscfg.o build/obj/stm32f4xx_tim.o build/obj/stm32f4xx_iwdg.o build/obj/stm32f4xx_wwdg.o build/obj/crt1.o build/obj/vectors.o build/obj/chsys.o build/obj/chdebug.o build/obj/chvt.o build/obj/chschd.o build/obj/chthreads.o build/obj/chtm.o build/obj/chdynamic.o build/obj/chregistry.o build/obj/chsem.o build/obj/chmtx.o build/obj/chcond.o build/obj/chevents.o build/obj/chmsg.o build/obj/chmboxes.o build/obj/chqueues.o build/obj/chmemcore.o build/obj/chheap.o build/obj/chmempools.o build/obj/chcore.o build/obj/chcore_v7m.o build/obj/hal.o build/obj/st.o build/obj/nvic.o build/obj/hal_lld.o build/obj/st_lld.o build/obj/pal_lld.o build/obj/pal.o build/obj/board.o build/obj/main.o build/obj/irq_handlers.o build/obj/digital_filter.o build/obj/utils.o build/obj/mc_interface.o build/obj/mcpwm_foc.o build/obj/timer.o build/obj/hw.o build/obj/drv8301.o
#  Implicit rule search has not been done.
#  Modification time never checked.
#  File has not been updated.
#  recipe to execute (from 'ChibiOS_3.0.5/os/common/ports/ARMCMx/compilers/GCC/rules.mk', line 290):
	@$(AR) -r $@ $^
	@echo
	@echo Done

build/obj/st.o: st.c Makefile | build build/obj build/lst
#  Implicit rule search has not been done.
#  Implicit/static pattern stem: 'st'
#  Modification time never checked.
#  File has not been updated.
#  recipe to execute (from 'ChibiOS_3.0.5/os/common/ports/ARMCMx/compilers/GCC/rules.mk', line 211):
	@echo Compiling $(<F)
	@$(CC) -c $(CFLAGS) $(TOPT) -I. $(IINCDIR) $< -o $@

upload_only:
#  Implicit rule search has not been done.
#  Modification time never checked.
#  File has not been updated.
#  recipe to execute (from 'Makefile', line 275):
	openocd -f board/stm32f4discovery.cfg -c "reset_config trst_only combined" -c "program build/$(PROJECT).elf verify reset exit"

# Not a target:
stm32f4xx_adc.c:
#  Implicit rule search has not been done.
#  Modification time never checked.
#  File has not been updated.

upload-pi: build/BLDC_4_ChibiOS.bin
#  Implicit rule search has not been done.
#  Modification time never checked.
#  File has not been updated.
#  recipe to execute (from 'Makefile', line 285):
	openocd -f pi_stm32.cfg -c "reset_config trst_only combined" -c "program build/$(PROJECT).elf verify reset exit"

build/obj/chschd.o: chschd.c Makefile | build build/obj build/lst
#  Implicit rule search has not been done.
#  Implicit/static pattern stem: 'chschd'
#  Modification time never checked.
#  File has not been updated.
#  recipe to execute (from 'ChibiOS_3.0.5/os/common/ports/ARMCMx/compilers/GCC/rules.mk', line 211):
	@echo Compiling $(<F)
	@$(CC) -c $(CFLAGS) $(TOPT) -I. $(IINCDIR) $< -o $@

build/obj/chthreads.o: chthreads.c Makefile | build build/obj build/lst
#  Implicit rule search has not been done.
#  Implicit/static pattern stem: 'chthreads'
#  Modification time never checked.
#  File has not been updated.
#  recipe to execute (from 'ChibiOS_3.0.5/os/common/ports/ARMCMx/compilers/GCC/rules.mk', line 211):
	@echo Compiling $(<F)
	@$(CC) -c $(CFLAGS) $(TOPT) -I. $(IINCDIR) $< -o $@

# files hash-table stats:
# Load=135/1024=13%, Rehash=0, Collisions=33/572=6%
# VPATH Search Paths

# No 'vpath' search paths.

# General ('VPATH' variable) search path:
# ChibiOS_3.0.5/os/common/ports/ARMCMx/compilers/GCC;ChibiOS_3.0.5/os/hal/src;ChibiOS_3.0.5/os/rt/ports/ARMCMx;ChibiOS_3.0.5/os/rt/ports/ARMCMx/compilers/GCC;ChibiOS_3.0.5/os/rt/src;driver/stdperiph_stm32f4/src;hwconf

# strcache buffers: 1 (0) / strings = 253 / storage = 3822 B / avg = 15 B
# current buf: size = 8174 B / used = 3822 B / count = 253 / avg = 15 B

# strcache performance: lookups = 745 / hit rate = 66%
# hash-table stats:
# Load=253/8192=3%, Rehash=0, Collisions=16/745=2%
# Finished Make data base on Fri Jul 01 18:19:28 2022

 
